<?xml version="1.0" encoding="UTF-8"?>
<!-- Generated by org.testng.reporters.JUnitReportReporter -->
<testsuite skipped="0" hostname="Saif" name="com.pom.testcases.LoginPageTest" tests="3" failures="0" timestamp="31 Aug 2018 08:26:43 GMT" time="83.878" errors="0">
  <testcase name="loginPageTitleTest" time="22.353" classname="com.pom.testcases.LoginPageTest"/>
  <testcase name="expediaLogoImageTest" time="31.361" classname="com.pom.testcases.LoginPageTest"/>
  <testcase name="loginTest" time="30.164" classname="com.pom.testcases.LoginPageTest"/>
</testsuite> <!-- com.pom.testcases.LoginPageTest -->
